<?xml version="1.0" encoding="UTF-8"?>
<testng-results ignored="0" total="1" passed="1" failed="0" skipped="0">
  <reporter-output>
  </reporter-output>
  <suite started-at="2023-03-05T17:29:36 IST" name="Default suite" finished-at="2023-03-05T17:29:45 IST" duration-ms="9207">
    <groups>
    </groups>
    <test started-at="2023-03-05T17:29:36 IST" name="Default test" finished-at="2023-03-05T17:29:45 IST" duration-ms="9207">
      <class name="com.rmgyantra.validation.StaticValidationTest">
        <test-method signature="staticValidationTest()[pri:0, instance:com.rmgyantra.validation.StaticValidationTest@17f62e33]" started-at="2023-03-05T17:29:36 IST" name="staticValidationTest" finished-at="2023-03-05T17:29:45 IST" duration-ms="8801" status="PASS">
          <reporter-output>
          </reporter-output>
        </test-method> <!-- staticValidationTest -->
      </class> <!-- com.rmgyantra.validation.StaticValidationTest -->
    </test> <!-- Default test -->
  </suite> <!-- Default suite -->
</testng-results>
